<?xml version="1.0" encoding="UTF-8"?>
<!-- Generated by org.testng.reporters.JUnitXMLReporter -->
<testsuite ignored="0" hostname="DESKTOP-TC77HVK" failures="1" tests="1" name="smoke test" time="42.817" errors="0" timestamp="2022-08-29T14:01:10 BST">
  <testcase classname="com.automationexercise.tests.TC06ContuctUs" name="contactUs" time="35.973">
    <failure type="java.lang.AssertionError" message="expected [true] but found [false]">
      <![CDATA[java.lang.AssertionError: expected [true] but found [false]
at com.automationexercise.tests.TC06ContuctUs.contactUs(TC06ContuctUs.java:35)
at java.base/java.util.ArrayList.forEach(ArrayList.java:1541)
... Removed 35 stack frames]]>
    </failure>
  </testcase> <!-- contactUs -->
</testsuite> <!-- smoke test -->
